29-02-2020 23:59:46:131 Java8Practice1.java:26 main INFO Sorted by ID using comparable : 103 Harsha
29-02-2020 23:59:46:133 Java8Practice1.java:26 main INFO Sorted by ID using comparable : 102 Lucky
29-02-2020 23:59:46:133 Java8Practice1.java:26 main INFO Sorted by ID using comparable : 101 Harika
29-02-2020 23:59:46:134 Java8Practice1.java:30 main INFO Sorted by Name using comparator101Harika
29-02-2020 23:59:46:134 Java8Practice1.java:30 main INFO Sorted by Name using comparator103Harsha
29-02-2020 23:59:46:134 Java8Practice1.java:30 main INFO Sorted by Name using comparator102Lucky
01-03-2020 00:00:06:858 Java8Practice1.java:26 main INFO Sorted by ID using comparable : 103 Harsha
01-03-2020 00:00:06:864 Java8Practice1.java:26 main INFO Sorted by ID using comparable : 102 Lucky
01-03-2020 00:00:06:865 Java8Practice1.java:26 main INFO Sorted by ID using comparable : 101 Harika
01-03-2020 00:00:06:865 Java8Practice1.java:30 main INFO Sorted by Name using comparator101Harika
01-03-2020 00:00:06:866 Java8Practice1.java:30 main INFO Sorted by Name using comparator103Harsha
01-03-2020 00:00:06:866 Java8Practice1.java:30 main INFO Sorted by Name using comparator102Lucky
01-03-2020 00:01:20:919 Java8Practice1.java:26 main INFO Sorted by ID using comparable : 103 Harsha
01-03-2020 00:01:20:922 Java8Practice1.java:26 main INFO Sorted by ID using comparable : 102 Lucky
01-03-2020 00:01:20:922 Java8Practice1.java:26 main INFO Sorted by ID using comparable : 101 Harika
01-03-2020 00:01:20:923 Java8Practice1.java:30 main INFO Sorted by Name using comparator101Harika
01-03-2020 00:01:20:924 Java8Practice1.java:30 main INFO Sorted by Name using comparator103Harsha
01-03-2020 00:01:20:925 Java8Practice1.java:30 main INFO Sorted by Name using comparator102Lucky
01-03-2020 00:03:15:165 Java8Practice1.java:26 main INFO Sorted by ID using comparable : 103 Harsha
01-03-2020 00:03:15:167 Java8Practice1.java:26 main INFO Sorted by ID using comparable : 102 Lucky
01-03-2020 00:03:15:167 Java8Practice1.java:26 main INFO Sorted by ID using comparable : 101 Harika
01-03-2020 00:03:15:168 Java8Practice1.java:30 main INFO Sorted by Name using comparator101Harika
01-03-2020 00:03:15:168 Java8Practice1.java:30 main INFO Sorted by Name using comparator103Harsha
01-03-2020 00:03:15:168 Java8Practice1.java:30 main INFO Sorted by Name using comparator102Lucky
01-03-2020 18:08:43:947 Java8Practice1.java:26 main INFO Sorted by ID using comparable : 103 Harsha
01-03-2020 18:08:43:968 Java8Practice1.java:26 main INFO Sorted by ID using comparable : 102 Lucky
01-03-2020 18:08:43:968 Java8Practice1.java:26 main INFO Sorted by ID using comparable : 101 Harika
01-03-2020 18:08:43:969 Java8Practice1.java:30 main INFO Sorted by Name using comparator101Harika
01-03-2020 18:08:43:970 Java8Practice1.java:30 main INFO Sorted by Name using comparator103Harsha
01-03-2020 18:08:43:970 Java8Practice1.java:30 main INFO Sorted by Name using comparator102Lucky
01-03-2020 18:10:26:455 Java8Practice1.java:26 main INFO Sorted by ID using comparable : 103 Harsha
01-03-2020 18:10:26:457 Java8Practice1.java:26 main INFO Sorted by ID using comparable : 102 Lucky
01-03-2020 18:10:26:457 Java8Practice1.java:26 main INFO Sorted by ID using comparable : 101 Harika
01-03-2020 18:10:26:458 Java8Practice1.java:30 main INFO Sorted by Name using comparator101Harika
01-03-2020 18:10:26:458 Java8Practice1.java:30 main INFO Sorted by Name using comparator103Harsha
01-03-2020 18:10:26:458 Java8Practice1.java:30 main INFO Sorted by Name using comparator102Lucky
01-03-2020 18:11:06:154 Java8Practice1.java:26 main INFO Sorted by ID using comparable : 103 Harsha
01-03-2020 18:11:06:156 Java8Practice1.java:26 main INFO Sorted by ID using comparable : 102 Lucky
01-03-2020 18:11:06:157 Java8Practice1.java:26 main INFO Sorted by ID using comparable : 101 Harika
01-03-2020 18:11:06:157 Java8Practice1.java:30 main INFO Sorted by Name using comparator101Harika
01-03-2020 18:11:06:157 Java8Practice1.java:30 main INFO Sorted by Name using comparator103Harsha
01-03-2020 18:11:06:158 Java8Practice1.java:30 main INFO Sorted by Name using comparator102Lucky
02-03-2020 02:43:16:576 Java8Practice1.java:26 main INFO Sorted by ID using comparable : 103 Harsha
02-03-2020 02:43:16:578 Java8Practice1.java:26 main INFO Sorted by ID using comparable : 102 Lucky
02-03-2020 02:43:16:578 Java8Practice1.java:26 main INFO Sorted by ID using comparable : 101 Harika
02-03-2020 02:43:16:579 Java8Practice1.java:30 main INFO Sorted by Name using comparator101Harika
02-03-2020 02:43:16:579 Java8Practice1.java:30 main INFO Sorted by Name using comparator103Harsha
02-03-2020 02:43:16:579 Java8Practice1.java:30 main INFO Sorted by Name using comparator102Lucky
01-03-2020 16:43:40:424 Java8Practice1.java:26 main INFO Sorted by ID using comparable : 103 Harsha
01-03-2020 16:43:40:426 Java8Practice1.java:26 main INFO Sorted by ID using comparable : 102 Lucky
01-03-2020 16:43:40:426 Java8Practice1.java:26 main INFO Sorted by ID using comparable : 101 Harika
01-03-2020 16:43:40:427 Java8Practice1.java:30 main INFO Sorted by Name using comparator101Harika
01-03-2020 16:43:40:427 Java8Practice1.java:30 main INFO Sorted by Name using comparator103Harsha
01-03-2020 16:43:40:427 Java8Practice1.java:30 main INFO Sorted by Name using comparator102Lucky
02-03-2020 02:43:57:117 Java8Practice1.java:26 main INFO Sorted by ID using comparable : 103 Harsha
02-03-2020 02:43:57:119 Java8Practice1.java:26 main INFO Sorted by ID using comparable : 102 Lucky
02-03-2020 02:43:57:119 Java8Practice1.java:26 main INFO Sorted by ID using comparable : 101 Harika
02-03-2020 02:43:57:120 Java8Practice1.java:30 main INFO Sorted by Name using comparator101Harika
02-03-2020 02:43:57:120 Java8Practice1.java:30 main INFO Sorted by Name using comparator103Harsha
02-03-2020 02:43:57:120 Java8Practice1.java:30 main INFO Sorted by Name using comparator102Lucky
02-03-2020 02:44:42:603 Java8Practice1.java:26 main INFO Sorted by ID using comparable : 103 Harsha
02-03-2020 02:44:42:605 Java8Practice1.java:26 main INFO Sorted by ID using comparable : 102 Lucky
02-03-2020 02:44:42:605 Java8Practice1.java:26 main INFO Sorted by ID using comparable : 101 Harika
02-03-2020 02:44:42:606 Java8Practice1.java:30 main INFO Sorted by Name using comparator101Harika
02-03-2020 02:44:42:606 Java8Practice1.java:30 main INFO Sorted by Name using comparator103Harsha
02-03-2020 02:44:42:606 Java8Practice1.java:30 main INFO Sorted by Name using comparator102Lucky
01-03-2020 14:45:06:060 Java8Practice1.java:26 main INFO Sorted by ID using comparable : 103 Harsha
01-03-2020 14:45:06:061 Java8Practice1.java:26 main INFO Sorted by ID using comparable : 102 Lucky
01-03-2020 14:45:06:062 Java8Practice1.java:26 main INFO Sorted by ID using comparable : 101 Harika
01-03-2020 14:45:06:062 Java8Practice1.java:30 main INFO Sorted by Name using comparator101Harika
01-03-2020 14:45:06:063 Java8Practice1.java:30 main INFO Sorted by Name using comparator103Harsha
01-03-2020 14:45:06:063 Java8Practice1.java:30 main INFO Sorted by Name using comparator102Lucky
02-03-2020 02:45:21:982 Java8Practice1.java:26 main INFO Sorted by ID using comparable : 103 Harsha
02-03-2020 02:45:21:984 Java8Practice1.java:26 main INFO Sorted by ID using comparable : 102 Lucky
02-03-2020 02:45:21:984 Java8Practice1.java:26 main INFO Sorted by ID using comparable : 101 Harika
02-03-2020 02:45:21:985 Java8Practice1.java:30 main INFO Sorted by Name using comparator101Harika
02-03-2020 02:45:21:985 Java8Practice1.java:30 main INFO Sorted by Name using comparator103Harsha
02-03-2020 02:45:21:985 Java8Practice1.java:30 main INFO Sorted by Name using comparator102Lucky
02-03-2020 02:45:32:843 Java8Practice1.java:26 main INFO Sorted by ID using comparable : 103 Harsha
02-03-2020 02:45:32:845 Java8Practice1.java:26 main INFO Sorted by ID using comparable : 102 Lucky
02-03-2020 02:45:32:846 Java8Practice1.java:26 main INFO Sorted by ID using comparable : 101 Harika
02-03-2020 02:45:32:847 Java8Practice1.java:30 main INFO Sorted by Name using comparator101Harika
02-03-2020 02:45:32:847 Java8Practice1.java:30 main INFO Sorted by Name using comparator103Harsha
02-03-2020 02:45:32:847 Java8Practice1.java:30 main INFO Sorted by Name using comparator102Lucky
02-03-2020 02:45:53:058 Java8Practice1.java:26 main INFO Sorted by ID using comparable : 103 Harsha
02-03-2020 02:45:53:060 Java8Practice1.java:26 main INFO Sorted by ID using comparable : 102 Lucky
02-03-2020 02:45:53:060 Java8Practice1.java:26 main INFO Sorted by ID using comparable : 101 Harika
02-03-2020 02:45:53:061 Java8Practice1.java:30 main INFO Sorted by Name using comparator101Harika
02-03-2020 02:45:53:061 Java8Practice1.java:30 main INFO Sorted by Name using comparator103Harsha
02-03-2020 02:45:53:062 Java8Practice1.java:30 main INFO Sorted by Name using comparator102Lucky
01-03-2020 18:46:13:537 Java8Practice1.java:26 main INFO Sorted by ID using comparable : 103 Harsha
01-03-2020 18:46:13:539 Java8Practice1.java:26 main INFO Sorted by ID using comparable : 102 Lucky
01-03-2020 18:46:13:539 Java8Practice1.java:26 main INFO Sorted by ID using comparable : 101 Harika
01-03-2020 18:46:13:540 Java8Practice1.java:30 main INFO Sorted by Name using comparator101Harika
01-03-2020 18:46:13:540 Java8Practice1.java:30 main INFO Sorted by Name using comparator103Harsha
01-03-2020 18:46:13:540 Java8Practice1.java:30 main INFO Sorted by Name using comparator102Lucky
02-03-2020 02:46:29:221 Java8Practice1.java:26 main INFO Sorted by ID using comparable : 103 Harsha
02-03-2020 02:46:29:222 Java8Practice1.java:26 main INFO Sorted by ID using comparable : 102 Lucky
02-03-2020 02:46:29:223 Java8Practice1.java:26 main INFO Sorted by ID using comparable : 101 Harika
02-03-2020 02:46:29:223 Java8Practice1.java:30 main INFO Sorted by Name using comparator101Harika
02-03-2020 02:46:29:224 Java8Practice1.java:30 main INFO Sorted by Name using comparator103Harsha
02-03-2020 02:46:29:224 Java8Practice1.java:30 main INFO Sorted by Name using comparator102Lucky
02-03-2020 01:47:50:248 Java8Practice1.java:26 main INFO Sorted by ID using comparable : 103 Harsha
02-03-2020 01:47:50:250 Java8Practice1.java:26 main INFO Sorted by ID using comparable : 102 Lucky
02-03-2020 01:47:50:250 Java8Practice1.java:26 main INFO Sorted by ID using comparable : 101 Harika
02-03-2020 01:47:50:251 Java8Practice1.java:30 main INFO Sorted by Name using comparator101Harika
02-03-2020 01:47:50:251 Java8Practice1.java:30 main INFO Sorted by Name using comparator103Harsha
02-03-2020 01:47:50:251 Java8Practice1.java:30 main INFO Sorted by Name using comparator102Lucky
02-03-2020 03:29:02:916 Java8Practice1.java:26 main INFO Sorted by ID using comparable : 103 Harsha
02-03-2020 03:29:02:918 Java8Practice1.java:26 main INFO Sorted by ID using comparable : 102 Lucky
02-03-2020 03:29:02:918 Java8Practice1.java:26 main INFO Sorted by ID using comparable : 101 Harika
02-03-2020 03:29:02:919 Java8Practice1.java:30 main INFO Sorted by Name using comparator101Harika
02-03-2020 03:29:02:919 Java8Practice1.java:30 main INFO Sorted by Name using comparator103Harsha
02-03-2020 03:29:02:919 Java8Practice1.java:30 main INFO Sorted by Name using comparator102Lucky
02-03-2020 03:33:03:510 Java8Practice1.java:26 main INFO Sorted by ID using comparable : 103 Harsha
02-03-2020 03:33:03:512 Java8Practice1.java:26 main INFO Sorted by ID using comparable : 102 Lucky
02-03-2020 03:33:03:512 Java8Practice1.java:26 main INFO Sorted by ID using comparable : 101 Harika
02-03-2020 03:33:03:513 Java8Practice1.java:30 main INFO Sorted by Name using comparator101Harika
02-03-2020 03:33:03:513 Java8Practice1.java:30 main INFO Sorted by Name using comparator103Harsha
02-03-2020 03:33:03:513 Java8Practice1.java:30 main INFO Sorted by Name using comparator102Lucky
02-03-2020 03:33:17:293 Java8Practice1.java:26 main INFO Sorted by ID using comparable : 103 Harsha
02-03-2020 03:33:17:295 Java8Practice1.java:26 main INFO Sorted by ID using comparable : 102 Lucky
02-03-2020 03:33:17:295 Java8Practice1.java:26 main INFO Sorted by ID using comparable : 101 Harika
02-03-2020 03:33:17:296 Java8Practice1.java:30 main INFO Sorted by Name using comparator101Harika
02-03-2020 03:33:17:296 Java8Practice1.java:30 main INFO Sorted by Name using comparator103Harsha
02-03-2020 03:33:17:296 Java8Practice1.java:30 main INFO Sorted by Name using comparator102Lucky
02-03-2020 03:37:17:301 Java8Practice1.java:26 main INFO Sorted by ID using comparable : 103 Harsha
02-03-2020 03:37:17:327 Java8Practice1.java:26 main INFO Sorted by ID using comparable : 102 Lucky
02-03-2020 03:37:17:327 Java8Practice1.java:26 main INFO Sorted by ID using comparable : 101 Harika
02-03-2020 03:37:17:328 Java8Practice1.java:30 main INFO Sorted by Name using comparator101Harika
02-03-2020 03:37:17:328 Java8Practice1.java:30 main INFO Sorted by Name using comparator103Harsha
02-03-2020 03:37:17:329 Java8Practice1.java:30 main INFO Sorted by Name using comparator102Lucky
02-03-2020 03:37:25:805 Java8Practice1.java:26 main INFO Sorted by ID using comparable : 103 Harsha
02-03-2020 03:37:25:819 Java8Practice1.java:26 main INFO Sorted by ID using comparable : 102 Lucky
02-03-2020 03:37:25:820 Java8Practice1.java:26 main INFO Sorted by ID using comparable : 101 Harika
02-03-2020 03:37:25:820 Java8Practice1.java:30 main INFO Sorted by Name using comparator101Harika
02-03-2020 03:37:25:821 Java8Practice1.java:30 main INFO Sorted by Name using comparator103Harsha
02-03-2020 03:37:25:821 Java8Practice1.java:30 main INFO Sorted by Name using comparator102Lucky
02-03-2020 03:41:33:770 Java8Practice1.java:26 main INFO Sorted by ID using comparable : 103 Harsha
02-03-2020 03:41:33:779 Java8Practice1.java:26 main INFO Sorted by ID using comparable : 102 Lucky
02-03-2020 03:41:33:780 Java8Practice1.java:26 main INFO Sorted by ID using comparable : 101 Harika
02-03-2020 03:41:33:780 Java8Practice1.java:30 main INFO Sorted by Name using comparator101Harika
02-03-2020 03:41:33:781 Java8Practice1.java:30 main INFO Sorted by Name using comparator103Harsha
02-03-2020 03:41:33:781 Java8Practice1.java:30 main INFO Sorted by Name using comparator102Lucky
02-03-2020 03:43:53:200 Java8Practice1.java:26 main INFO Sorted by ID using comparable : 103 Harsha
02-03-2020 03:43:53:209 Java8Practice1.java:26 main INFO Sorted by ID using comparable : 102 Lucky
02-03-2020 03:43:53:209 Java8Practice1.java:26 main INFO Sorted by ID using comparable : 101 Harika
02-03-2020 03:43:53:210 Java8Practice1.java:30 main INFO Sorted by Name using comparator101Harika
02-03-2020 03:43:53:210 Java8Practice1.java:30 main INFO Sorted by Name using comparator103Harsha
02-03-2020 03:43:53:210 Java8Practice1.java:30 main INFO Sorted by Name using comparator102Lucky
02-03-2020 03:44:38:120 Java8Practice1.java:26 main INFO Sorted by ID using comparable : 103 Harsha
02-03-2020 03:44:38:128 Java8Practice1.java:26 main INFO Sorted by ID using comparable : 102 Lucky
02-03-2020 03:44:38:129 Java8Practice1.java:26 main INFO Sorted by ID using comparable : 101 Harika
02-03-2020 03:44:38:129 Java8Practice1.java:30 main INFO Sorted by Name using comparator101Harika
02-03-2020 03:44:38:130 Java8Practice1.java:30 main INFO Sorted by Name using comparator103Harsha
02-03-2020 03:44:38:130 Java8Practice1.java:30 main INFO Sorted by Name using comparator102Lucky
02-03-2020 03:45:50:558 Java8Practice1.java:26 main INFO Sorted by ID using comparable : 103 Harsha
02-03-2020 03:45:50:567 Java8Practice1.java:26 main INFO Sorted by ID using comparable : 102 Lucky
02-03-2020 03:45:50:567 Java8Practice1.java:26 main INFO Sorted by ID using comparable : 101 Harika
02-03-2020 03:45:50:568 Java8Practice1.java:30 main INFO Sorted by Name using comparator101Harika
02-03-2020 03:45:50:568 Java8Practice1.java:30 main INFO Sorted by Name using comparator103Harsha
02-03-2020 03:45:50:568 Java8Practice1.java:30 main INFO Sorted by Name using comparator102Lucky
02-03-2020 03:46:06:154 Java8Practice1.java:26 main INFO Sorted by ID using comparable : 103 Harsha
02-03-2020 03:46:06:163 Java8Practice1.java:26 main INFO Sorted by ID using comparable : 102 Lucky
02-03-2020 03:46:06:163 Java8Practice1.java:26 main INFO Sorted by ID using comparable : 101 Harika
02-03-2020 03:46:06:164 Java8Practice1.java:30 main INFO Sorted by Name using comparator101Harika
02-03-2020 03:46:06:164 Java8Practice1.java:30 main INFO Sorted by Name using comparator103Harsha
02-03-2020 03:46:06:165 Java8Practice1.java:30 main INFO Sorted by Name using comparator102Lucky
02-03-2020 03:46:28:846 Java8Practice1.java:26 main INFO Sorted by ID using comparable : 103 Harsha
02-03-2020 03:46:28:893 Java8Practice1.java:26 main INFO Sorted by ID using comparable : 102 Lucky
02-03-2020 03:46:28:893 Java8Practice1.java:26 main INFO Sorted by ID using comparable : 101 Harika
02-03-2020 03:46:28:894 Java8Practice1.java:30 main INFO Sorted by Name using comparator101Harika
02-03-2020 03:46:28:894 Java8Practice1.java:30 main INFO Sorted by Name using comparator103Harsha
02-03-2020 03:46:28:894 Java8Practice1.java:30 main INFO Sorted by Name using comparator102Lucky
02-03-2020 03:46:38:605 Java8Practice1.java:26 main INFO Sorted by ID using comparable : 103 Harsha
02-03-2020 03:46:38:626 Java8Practice1.java:26 main INFO Sorted by ID using comparable : 102 Lucky
02-03-2020 03:46:38:626 Java8Practice1.java:26 main INFO Sorted by ID using comparable : 101 Harika
02-03-2020 03:46:38:627 Java8Practice1.java:30 main INFO Sorted by Name using comparator101Harika
02-03-2020 03:46:38:628 Java8Practice1.java:30 main INFO Sorted by Name using comparator103Harsha
02-03-2020 03:46:38:628 Java8Practice1.java:30 main INFO Sorted by Name using comparator102Lucky
02-03-2020 03:46:56:104 Java8Practice1.java:26 main INFO Sorted by ID using comparable : 103 Harsha
02-03-2020 03:46:58:185 Java8Practice1.java:26 main INFO Sorted by ID using comparable : 102 Lucky
02-03-2020 03:47:00:193 Java8Practice1.java:26 main INFO Sorted by ID using comparable : 101 Harika
02-03-2020 03:47:02:201 Java8Practice1.java:30 main INFO Sorted by Name using comparator101Harika
02-03-2020 03:47:04:206 Java8Practice1.java:30 main INFO Sorted by Name using comparator103Harsha
02-03-2020 03:47:06:214 Java8Practice1.java:30 main INFO Sorted by Name using comparator102Lucky
02-03-2020 03:48:16:845 Java8Practice1.java:26 main INFO Sorted by ID using comparable : 103 Harsha
02-03-2020 03:48:18:896 Java8Practice1.java:26 main INFO Sorted by ID using comparable : 102 Lucky
02-03-2020 03:48:20:911 Java8Practice1.java:26 main INFO Sorted by ID using comparable : 101 Harika
02-03-2020 03:48:22:921 Java8Practice1.java:30 main INFO Sorted by Name using comparator101Harika
02-03-2020 03:48:24:927 Java8Practice1.java:30 main INFO Sorted by Name using comparator103Harsha
02-03-2020 03:48:26:934 Java8Practice1.java:30 main INFO Sorted by Name using comparator102Lucky
01-03-2020 20:21:59:879 Java8Practice1.java:26 main INFO Sorted by ID using comparable : 103 Harsha
01-03-2020 20:22:01:928 Java8Practice1.java:26 main INFO Sorted by ID using comparable : 102 Lucky
01-03-2020 20:22:03:942 Java8Practice1.java:26 main INFO Sorted by ID using comparable : 101 Harika
01-03-2020 20:22:05:948 Java8Practice1.java:30 main INFO Sorted by Name using comparator101Harika
01-03-2020 20:22:07:958 Java8Practice1.java:30 main INFO Sorted by Name using comparator103Harsha
01-03-2020 20:22:09:965 Java8Practice1.java:30 main INFO Sorted by Name using comparator102Lucky
03-03-2020 16:42:02:473 Java8Practice1.java:26 main INFO Sorted by ID using comparable : 103 Harsha
03-03-2020 16:42:02:510 Java8Practice1.java:26 main INFO Sorted by ID using comparable : 102 Lucky
03-03-2020 16:42:02:510 Java8Practice1.java:26 main INFO Sorted by ID using comparable : 101 Harika
03-03-2020 16:42:02:511 Java8Practice1.java:30 main INFO Sorted by Name using comparator101Harika
03-03-2020 16:42:02:511 Java8Practice1.java:30 main INFO Sorted by Name using comparator103Harsha
03-03-2020 16:42:02:511 Java8Practice1.java:30 main INFO Sorted by Name using comparator102Lucky
03-03-2020 16:50:04:151 Java8Practice1.java:26 main INFO Sorted by ID using comparable : 103 Harsha
03-03-2020 16:50:04:152 Java8Practice1.java:26 main INFO Sorted by ID using comparable : 102 Lucky
03-03-2020 16:50:04:153 Java8Practice1.java:26 main INFO Sorted by ID using comparable : 101 Harika
03-03-2020 16:50:04:154 Java8Practice1.java:30 main INFO Sorted by Name using comparator101Harika
03-03-2020 16:50:04:154 Java8Practice1.java:30 main INFO Sorted by Name using comparator103Harsha
03-03-2020 16:50:04:154 Java8Practice1.java:30 main INFO Sorted by Name using comparator102Lucky
03-03-2020 17:32:53:821 Java8Practice1.java:26 main INFO Sorted by ID using comparable : 103 Harsha
03-03-2020 17:32:53:823 Java8Practice1.java:26 main INFO Sorted by ID using comparable : 102 Lucky
03-03-2020 17:32:53:823 Java8Practice1.java:26 main INFO Sorted by ID using comparable : 101 Harika
03-03-2020 17:32:53:824 Java8Practice1.java:30 main INFO Sorted by Name using comparator101Harika
03-03-2020 17:32:53:824 Java8Practice1.java:30 main INFO Sorted by Name using comparator103Harsha
03-03-2020 17:32:53:824 Java8Practice1.java:30 main INFO Sorted by Name using comparator102Lucky
03-03-2020 17:33:56:537 Java8Practice1.java:26 main INFO Sorted by ID using comparable : 103 Harsha
03-03-2020 17:33:56:538 Java8Practice1.java:26 main INFO Sorted by ID using comparable : 102 Lucky
03-03-2020 17:33:56:539 Java8Practice1.java:26 main INFO Sorted by ID using comparable : 101 Harika
03-03-2020 17:33:56:539 Java8Practice1.java:30 main INFO Sorted by Name using comparator101Harika
03-03-2020 17:33:56:540 Java8Practice1.java:30 main INFO Sorted by Name using comparator103Harsha
03-03-2020 17:33:56:540 Java8Practice1.java:30 main INFO Sorted by Name using comparator102Lucky
03-03-2020 17:34:57:616 Java8Practice1.java:26 main INFO Sorted by ID using comparable : 103 Harsha
03-03-2020 17:34:57:617 Java8Practice1.java:26 main INFO Sorted by ID using comparable : 102 Lucky
03-03-2020 17:34:57:618 Java8Practice1.java:26 main INFO Sorted by ID using comparable : 101 Harika
03-03-2020 17:34:57:618 Java8Practice1.java:30 main INFO Sorted by Name using comparator101Harika
03-03-2020 17:34:57:618 Java8Practice1.java:30 main INFO Sorted by Name using comparator103Harsha
03-03-2020 17:34:57:619 Java8Practice1.java:30 main INFO Sorted by Name using comparator102Lucky
03-03-2020 17:35:51:992 Java8Practice1.java:26 main INFO Sorted by ID using comparable : 103 Harsha
03-03-2020 17:35:51:994 Java8Practice1.java:26 main INFO Sorted by ID using comparable : 102 Lucky
03-03-2020 17:35:51:994 Java8Practice1.java:26 main INFO Sorted by ID using comparable : 101 Harika
03-03-2020 17:35:51:995 Java8Practice1.java:30 main INFO Sorted by Name using comparator101Harika
03-03-2020 17:35:51:995 Java8Practice1.java:30 main INFO Sorted by Name using comparator103Harsha
03-03-2020 17:35:51:995 Java8Practice1.java:30 main INFO Sorted by Name using comparator102Lucky
03-03-2020 17:41:27:217 Java8Practice1.java:26 main INFO Sorted by ID using comparable : 103 Harsha
03-03-2020 17:41:27:218 Java8Practice1.java:26 main INFO Sorted by ID using comparable : 102 Lucky
03-03-2020 17:41:27:219 Java8Practice1.java:26 main INFO Sorted by ID using comparable : 101 Harika
03-03-2020 17:41:27:219 Java8Practice1.java:30 main INFO Sorted by Name using comparator101Harika
03-03-2020 17:41:27:220 Java8Practice1.java:30 main INFO Sorted by Name using comparator103Harsha
03-03-2020 17:41:27:220 Java8Practice1.java:30 main INFO Sorted by Name using comparator102Lucky
03-03-2020 17:42:55:075 Java8Practice1.java:26 main INFO Sorted by ID using comparable : 103 Harsha
03-03-2020 17:42:55:077 Java8Practice1.java:26 main INFO Sorted by ID using comparable : 102 Lucky
03-03-2020 17:42:55:077 Java8Practice1.java:26 main INFO Sorted by ID using comparable : 101 Harika
03-03-2020 17:42:55:078 Java8Practice1.java:30 main INFO Sorted by Name using comparator101Harika
03-03-2020 17:42:55:078 Java8Practice1.java:30 main INFO Sorted by Name using comparator103Harsha
03-03-2020 17:42:55:078 Java8Practice1.java:30 main INFO Sorted by Name using comparator102Lucky
03-03-2020 17:43:41:527 Java8Practice1.java:26 main INFO Sorted by ID using comparable : 103 Harsha
03-03-2020 17:43:41:528 Java8Practice1.java:26 main INFO Sorted by ID using comparable : 102 Lucky
03-03-2020 17:43:41:529 Java8Practice1.java:26 main INFO Sorted by ID using comparable : 101 Harika
03-03-2020 17:43:41:529 Java8Practice1.java:30 main INFO Sorted by Name using comparator101Harika
03-03-2020 17:43:41:529 Java8Practice1.java:30 main INFO Sorted by Name using comparator103Harsha
03-03-2020 17:43:41:530 Java8Practice1.java:30 main INFO Sorted by Name using comparator102Lucky
03-03-2020 17:44:44:523 Java8Practice1.java:26 main INFO Sorted by ID using comparable : 103 Harsha
03-03-2020 17:44:44:525 Java8Practice1.java:26 main INFO Sorted by ID using comparable : 102 Lucky
03-03-2020 17:44:44:525 Java8Practice1.java:26 main INFO Sorted by ID using comparable : 101 Harika
03-03-2020 17:44:44:526 Java8Practice1.java:30 main INFO Sorted by Name using comparator101Harika
03-03-2020 17:44:44:526 Java8Practice1.java:30 main INFO Sorted by Name using comparator103Harsha
03-03-2020 17:44:44:527 Java8Practice1.java:30 main INFO Sorted by Name using comparator102Lucky
03-03-2020 17:45:58:652 Java8Practice1.java:26 main INFO Sorted by ID using comparable : 103 Harsha
03-03-2020 17:45:58:654 Java8Practice1.java:26 main INFO Sorted by ID using comparable : 102 Lucky
03-03-2020 17:45:58:654 Java8Practice1.java:26 main INFO Sorted by ID using comparable : 101 Harika
03-03-2020 17:45:58:655 Java8Practice1.java:30 main INFO Sorted by Name using comparator101Harika
03-03-2020 17:45:58:655 Java8Practice1.java:30 main INFO Sorted by Name using comparator103Harsha
03-03-2020 17:45:58:655 Java8Practice1.java:30 main INFO Sorted by Name using comparator102Lucky
03-03-2020 17:47:58:234 Java8Practice1.java:26 main INFO Sorted by ID using comparable : 103 Harsha
03-03-2020 17:47:58:236 Java8Practice1.java:26 main INFO Sorted by ID using comparable : 102 Lucky
03-03-2020 17:47:58:237 Java8Practice1.java:26 main INFO Sorted by ID using comparable : 101 Harika
03-03-2020 17:47:58:237 Java8Practice1.java:30 main INFO Sorted by Name using comparator101Harika
03-03-2020 17:47:58:238 Java8Practice1.java:30 main INFO Sorted by Name using comparator103Harsha
03-03-2020 17:47:58:238 Java8Practice1.java:30 main INFO Sorted by Name using comparator102Lucky
03-03-2020 17:48:45:119 Java8Practice1.java:26 main INFO Sorted by ID using comparable : 103 Harsha
03-03-2020 17:48:45:120 Java8Practice1.java:26 main INFO Sorted by ID using comparable : 102 Lucky
03-03-2020 17:48:45:120 Java8Practice1.java:26 main INFO Sorted by ID using comparable : 101 Harika
03-03-2020 17:48:45:121 Java8Practice1.java:30 main INFO Sorted by Name using comparator101Harika
03-03-2020 17:48:45:121 Java8Practice1.java:30 main INFO Sorted by Name using comparator103Harsha
03-03-2020 17:48:45:121 Java8Practice1.java:30 main INFO Sorted by Name using comparator102Lucky
03-03-2020 17:51:17:466 Java8Practice1.java:26 main INFO Sorted by ID using comparable : 103 Harsha
03-03-2020 17:51:17:467 Java8Practice1.java:26 main INFO Sorted by ID using comparable : 102 Lucky
03-03-2020 17:51:17:467 Java8Practice1.java:26 main INFO Sorted by ID using comparable : 101 Harika
03-03-2020 17:51:17:468 Java8Practice1.java:30 main INFO Sorted by Name using comparator101Harika
03-03-2020 17:51:17:468 Java8Practice1.java:30 main INFO Sorted by Name using comparator103Harsha
03-03-2020 17:51:17:468 Java8Practice1.java:30 main INFO Sorted by Name using comparator102Lucky
03-03-2020 17:52:27:537 Java8Practice1.java:26 main INFO Sorted by ID using comparable : 103 Harsha
03-03-2020 17:52:27:538 Java8Practice1.java:26 main INFO Sorted by ID using comparable : 102 Lucky
03-03-2020 17:52:27:538 Java8Practice1.java:26 main INFO Sorted by ID using comparable : 101 Harika
03-03-2020 17:52:27:539 Java8Practice1.java:30 main INFO Sorted by Name using comparator101Harika
03-03-2020 17:52:27:539 Java8Practice1.java:30 main INFO Sorted by Name using comparator103Harsha
03-03-2020 17:52:27:539 Java8Practice1.java:30 main INFO Sorted by Name using comparator102Lucky
03-03-2020 18:01:06:016 Java8Practice1.java:26 main INFO Sorted by ID using comparable : 103 Harsha
03-03-2020 18:01:06:018 Java8Practice1.java:26 main INFO Sorted by ID using comparable : 102 Lucky
03-03-2020 18:01:06:018 Java8Practice1.java:26 main INFO Sorted by ID using comparable : 101 Harika
03-03-2020 18:01:06:019 Java8Practice1.java:30 main INFO Sorted by Name using comparator101Harika
03-03-2020 18:01:06:019 Java8Practice1.java:30 main INFO Sorted by Name using comparator103Harsha
03-03-2020 18:01:06:019 Java8Practice1.java:30 main INFO Sorted by Name using comparator102Lucky
03-03-2020 18:02:38:722 Java8Practice1.java:26 main INFO Sorted by ID using comparable : 103 Harsha
03-03-2020 18:02:38:723 Java8Practice1.java:26 main INFO Sorted by ID using comparable : 102 Lucky
03-03-2020 18:02:38:723 Java8Practice1.java:26 main INFO Sorted by ID using comparable : 101 Harika
03-03-2020 18:02:38:724 Java8Practice1.java:30 main INFO Sorted by Name using comparator101Harika
03-03-2020 18:02:38:724 Java8Practice1.java:30 main INFO Sorted by Name using comparator103Harsha
03-03-2020 18:02:38:724 Java8Practice1.java:30 main INFO Sorted by Name using comparator102Lucky
03-03-2020 18:09:44:076 Java8Practice1.java:26 main INFO Sorted by ID using comparable : 103 Harsha
03-03-2020 18:09:44:077 Java8Practice1.java:26 main INFO Sorted by ID using comparable : 102 Lucky
03-03-2020 18:09:44:077 Java8Practice1.java:26 main INFO Sorted by ID using comparable : 101 Harika
03-03-2020 18:09:44:078 Java8Practice1.java:30 main INFO Sorted by Name using comparator101Harika
03-03-2020 18:09:44:079 Java8Practice1.java:30 main INFO Sorted by Name using comparator103Harsha
03-03-2020 18:09:44:079 Java8Practice1.java:30 main INFO Sorted by Name using comparator102Lucky
03-03-2020 18:11:11:742 Java8Practice1.java:26 main INFO Sorted by ID using comparable : 103 Harsha
03-03-2020 18:11:11:743 Java8Practice1.java:26 main INFO Sorted by ID using comparable : 102 Lucky
03-03-2020 18:11:11:744 Java8Practice1.java:26 main INFO Sorted by ID using comparable : 101 Harika
03-03-2020 18:11:11:744 Java8Practice1.java:30 main INFO Sorted by Name using comparator101Harika
03-03-2020 18:11:11:745 Java8Practice1.java:30 main INFO Sorted by Name using comparator103Harsha
03-03-2020 18:11:11:745 Java8Practice1.java:30 main INFO Sorted by Name using comparator102Lucky
03-03-2020 18:12:25:218 Java8Practice1.java:26 main INFO Sorted by ID using comparable : 103 Harsha
03-03-2020 18:12:25:219 Java8Practice1.java:26 main INFO Sorted by ID using comparable : 102 Lucky
03-03-2020 18:12:25:220 Java8Practice1.java:26 main INFO Sorted by ID using comparable : 101 Harika
03-03-2020 18:12:25:220 Java8Practice1.java:30 main INFO Sorted by Name using comparator101Harika
03-03-2020 18:12:25:221 Java8Practice1.java:30 main INFO Sorted by Name using comparator103Harsha
03-03-2020 18:12:25:221 Java8Practice1.java:30 main INFO Sorted by Name using comparator102Lucky
03-03-2020 18:13:25:468 Java8Practice1.java:26 main INFO Sorted by ID using comparable : 103 Harsha
03-03-2020 18:13:25:470 Java8Practice1.java:26 main INFO Sorted by ID using comparable : 102 Lucky
03-03-2020 18:13:25:470 Java8Practice1.java:26 main INFO Sorted by ID using comparable : 101 Harika
03-03-2020 18:13:25:471 Java8Practice1.java:30 main INFO Sorted by Name using comparator101Harika
03-03-2020 18:13:25:472 Java8Practice1.java:30 main INFO Sorted by Name using comparator103Harsha
03-03-2020 18:13:25:472 Java8Practice1.java:30 main INFO Sorted by Name using comparator102Lucky
03-03-2020 18:14:50:941 Java8Practice1.java:26 main INFO Sorted by ID using comparable : 103 Harsha
03-03-2020 18:14:50:942 Java8Practice1.java:26 main INFO Sorted by ID using comparable : 102 Lucky
03-03-2020 18:14:50:943 Java8Practice1.java:26 main INFO Sorted by ID using comparable : 101 Harika
03-03-2020 18:14:50:943 Java8Practice1.java:30 main INFO Sorted by Name using comparator101Harika
03-03-2020 18:14:50:943 Java8Practice1.java:30 main INFO Sorted by Name using comparator103Harsha
03-03-2020 18:14:50:944 Java8Practice1.java:30 main INFO Sorted by Name using comparator102Lucky
03-03-2020 18:16:26:075 Java8Practice1.java:26 main INFO Sorted by ID using comparable : 103 Harsha
03-03-2020 18:16:26:077 Java8Practice1.java:26 main INFO Sorted by ID using comparable : 102 Lucky
03-03-2020 18:16:26:078 Java8Practice1.java:26 main INFO Sorted by ID using comparable : 101 Harika
03-03-2020 18:16:26:078 Java8Practice1.java:30 main INFO Sorted by Name using comparator101Harika
03-03-2020 18:16:26:079 Java8Practice1.java:30 main INFO Sorted by Name using comparator103Harsha
03-03-2020 18:16:26:079 Java8Practice1.java:30 main INFO Sorted by Name using comparator102Lucky
03-03-2020 18:21:10:481 Java8Practice1.java:26 main INFO Sorted by ID using comparable : 103 Harsha
03-03-2020 18:21:10:483 Java8Practice1.java:26 main INFO Sorted by ID using comparable : 102 Lucky
03-03-2020 18:21:10:484 Java8Practice1.java:26 main INFO Sorted by ID using comparable : 101 Harika
03-03-2020 18:21:10:484 Java8Practice1.java:30 main INFO Sorted by Name using comparator101Harika
03-03-2020 18:21:10:485 Java8Practice1.java:30 main INFO Sorted by Name using comparator103Harsha
03-03-2020 18:21:10:485 Java8Practice1.java:30 main INFO Sorted by Name using comparator102Lucky
03-03-2020 18:25:55:409 Java8Practice1.java:26 main INFO Sorted by ID using comparable : 103 Harsha
03-03-2020 18:25:55:410 Java8Practice1.java:26 main INFO Sorted by ID using comparable : 102 Lucky
03-03-2020 18:25:55:411 Java8Practice1.java:26 main INFO Sorted by ID using comparable : 101 Harika
03-03-2020 18:25:55:411 Java8Practice1.java:30 main INFO Sorted by Name using comparator101Harika
03-03-2020 18:25:55:412 Java8Practice1.java:30 main INFO Sorted by Name using comparator103Harsha
03-03-2020 18:25:55:412 Java8Practice1.java:30 main INFO Sorted by Name using comparator102Lucky
03-03-2020 18:26:31:096 Java8Practice1.java:26 main INFO Sorted by ID using comparable : 103 Harsha
03-03-2020 18:26:31:098 Java8Practice1.java:26 main INFO Sorted by ID using comparable : 102 Lucky
03-03-2020 18:26:31:098 Java8Practice1.java:26 main INFO Sorted by ID using comparable : 101 Harika
03-03-2020 18:26:31:098 Java8Practice1.java:30 main INFO Sorted by Name using comparator101Harika
03-03-2020 18:26:31:098 Java8Practice1.java:30 main INFO Sorted by Name using comparator103Harsha
03-03-2020 18:26:31:099 Java8Practice1.java:30 main INFO Sorted by Name using comparator102Lucky
03-03-2020 18:27:06:141 Java8Practice1.java:26 main INFO Sorted by ID using comparable : 103 Harsha
03-03-2020 18:27:06:142 Java8Practice1.java:26 main INFO Sorted by ID using comparable : 102 Lucky
03-03-2020 18:27:06:143 Java8Practice1.java:26 main INFO Sorted by ID using comparable : 101 Harika
03-03-2020 18:27:06:143 Java8Practice1.java:30 main INFO Sorted by Name using comparator101Harika
03-03-2020 18:27:06:143 Java8Practice1.java:30 main INFO Sorted by Name using comparator103Harsha
03-03-2020 18:27:06:144 Java8Practice1.java:30 main INFO Sorted by Name using comparator102Lucky
03-03-2020 18:27:44:929 Java8Practice1.java:26 main INFO Sorted by ID using comparable : 103 Harsha
03-03-2020 18:27:44:931 Java8Practice1.java:26 main INFO Sorted by ID using comparable : 102 Lucky
03-03-2020 18:27:44:931 Java8Practice1.java:26 main INFO Sorted by ID using comparable : 101 Harika
03-03-2020 18:27:44:932 Java8Practice1.java:30 main INFO Sorted by Name using comparator101Harika
03-03-2020 18:27:44:932 Java8Practice1.java:30 main INFO Sorted by Name using comparator103Harsha
03-03-2020 18:27:44:932 Java8Practice1.java:30 main INFO Sorted by Name using comparator102Lucky
03-03-2020 18:30:02:115 Java8Practice1.java:26 main INFO Sorted by ID using comparable : 103 Harsha
03-03-2020 18:30:02:116 Java8Practice1.java:26 main INFO Sorted by ID using comparable : 102 Lucky
03-03-2020 18:30:02:117 Java8Practice1.java:26 main INFO Sorted by ID using comparable : 101 Harika
03-03-2020 18:30:02:117 Java8Practice1.java:30 main INFO Sorted by Name using comparator101Harika
03-03-2020 18:30:02:117 Java8Practice1.java:30 main INFO Sorted by Name using comparator103Harsha
03-03-2020 18:30:02:118 Java8Practice1.java:30 main INFO Sorted by Name using comparator102Lucky
03-03-2020 18:30:39:815 Java8Practice1.java:26 main INFO Sorted by ID using comparable : 103 Harsha
03-03-2020 18:30:39:817 Java8Practice1.java:26 main INFO Sorted by ID using comparable : 102 Lucky
03-03-2020 18:30:39:817 Java8Practice1.java:26 main INFO Sorted by ID using comparable : 101 Harika
03-03-2020 18:30:39:817 Java8Practice1.java:30 main INFO Sorted by Name using comparator101Harika
03-03-2020 18:30:39:818 Java8Practice1.java:30 main INFO Sorted by Name using comparator103Harsha
03-03-2020 18:30:39:818 Java8Practice1.java:30 main INFO Sorted by Name using comparator102Lucky
03-03-2020 18:32:18:094 Java8Practice1.java:26 main INFO Sorted by ID using comparable : 103 Harsha
03-03-2020 18:32:18:095 Java8Practice1.java:26 main INFO Sorted by ID using comparable : 102 Lucky
03-03-2020 18:32:18:095 Java8Practice1.java:26 main INFO Sorted by ID using comparable : 101 Harika
03-03-2020 18:32:18:096 Java8Practice1.java:30 main INFO Sorted by Name using comparator101Harika
03-03-2020 18:32:18:096 Java8Practice1.java:30 main INFO Sorted by Name using comparator103Harsha
03-03-2020 18:32:18:096 Java8Practice1.java:30 main INFO Sorted by Name using comparator102Lucky
03-03-2020 18:35:13:746 Java8Practice1.java:26 main INFO Sorted by ID using comparable : 103 Harsha
03-03-2020 18:35:13:747 Java8Practice1.java:26 main INFO Sorted by ID using comparable : 102 Lucky
03-03-2020 18:35:13:748 Java8Practice1.java:26 main INFO Sorted by ID using comparable : 101 Harika
03-03-2020 18:35:13:748 Java8Practice1.java:30 main INFO Sorted by Name using comparator101Harika
03-03-2020 18:35:13:748 Java8Practice1.java:30 main INFO Sorted by Name using comparator103Harsha
03-03-2020 18:35:13:748 Java8Practice1.java:30 main INFO Sorted by Name using comparator102Lucky
03-03-2020 18:36:32:707 Java8Practice1.java:26 main INFO Sorted by ID using comparable : 103 Harsha
03-03-2020 18:36:32:708 Java8Practice1.java:26 main INFO Sorted by ID using comparable : 102 Lucky
03-03-2020 18:36:32:708 Java8Practice1.java:26 main INFO Sorted by ID using comparable : 101 Harika
03-03-2020 18:36:32:709 Java8Practice1.java:30 main INFO Sorted by Name using comparator101Harika
03-03-2020 18:36:32:709 Java8Practice1.java:30 main INFO Sorted by Name using comparator103Harsha
03-03-2020 18:36:32:709 Java8Practice1.java:30 main INFO Sorted by Name using comparator102Lucky
03-03-2020 18:36:56:012 Java8Practice1.java:26 main INFO Sorted by ID using comparable : 103 Harsha
03-03-2020 18:36:56:013 Java8Practice1.java:26 main INFO Sorted by ID using comparable : 102 Lucky
03-03-2020 18:36:56:013 Java8Practice1.java:26 main INFO Sorted by ID using comparable : 101 Harika
03-03-2020 18:36:56:014 Java8Practice1.java:30 main INFO Sorted by Name using comparator101Harika
03-03-2020 18:36:56:014 Java8Practice1.java:30 main INFO Sorted by Name using comparator103Harsha
03-03-2020 18:36:56:014 Java8Practice1.java:30 main INFO Sorted by Name using comparator102Lucky
03-03-2020 18:37:13:355 Java8Practice1.java:26 main INFO Sorted by ID using comparable : 103 Harsha
03-03-2020 18:37:13:357 Java8Practice1.java:26 main INFO Sorted by ID using comparable : 102 Lucky
03-03-2020 18:37:13:357 Java8Practice1.java:26 main INFO Sorted by ID using comparable : 101 Harika
03-03-2020 18:37:13:358 Java8Practice1.java:30 main INFO Sorted by Name using comparator101Harika
03-03-2020 18:37:13:358 Java8Practice1.java:30 main INFO Sorted by Name using comparator103Harsha
03-03-2020 18:37:13:358 Java8Practice1.java:30 main INFO Sorted by Name using comparator102Lucky
03-03-2020 18:37:33:539 Java8Practice1.java:26 main INFO Sorted by ID using comparable : 103 Harsha
03-03-2020 18:37:33:540 Java8Practice1.java:26 main INFO Sorted by ID using comparable : 102 Lucky
03-03-2020 18:37:33:540 Java8Practice1.java:26 main INFO Sorted by ID using comparable : 101 Harika
03-03-2020 18:37:33:541 Java8Practice1.java:30 main INFO Sorted by Name using comparator101Harika
03-03-2020 18:37:33:541 Java8Practice1.java:30 main INFO Sorted by Name using comparator103Harsha
03-03-2020 18:37:33:542 Java8Practice1.java:30 main INFO Sorted by Name using comparator102Lucky
03-03-2020 18:41:24:960 Java8Practice1.java:26 main INFO Sorted by ID using comparable : 103 Harsha
03-03-2020 18:41:24:962 Java8Practice1.java:26 main INFO Sorted by ID using comparable : 102 Lucky
03-03-2020 18:41:24:962 Java8Practice1.java:26 main INFO Sorted by ID using comparable : 101 Harika
03-03-2020 18:41:24:963 Java8Practice1.java:30 main INFO Sorted by Name using comparator101Harika
03-03-2020 18:41:24:963 Java8Practice1.java:30 main INFO Sorted by Name using comparator103Harsha
03-03-2020 18:41:24:963 Java8Practice1.java:30 main INFO Sorted by Name using comparator102Lucky
03-03-2020 18:41:43:624 Java8Practice1.java:26 main INFO Sorted by ID using comparable : 103 Harsha
03-03-2020 18:41:43:625 Java8Practice1.java:26 main INFO Sorted by ID using comparable : 102 Lucky
03-03-2020 18:41:43:625 Java8Practice1.java:26 main INFO Sorted by ID using comparable : 101 Harika
03-03-2020 18:41:43:626 Java8Practice1.java:30 main INFO Sorted by Name using comparator101Harika
03-03-2020 18:41:43:626 Java8Practice1.java:30 main INFO Sorted by Name using comparator103Harsha
03-03-2020 18:41:43:626 Java8Practice1.java:30 main INFO Sorted by Name using comparator102Lucky
03-03-2020 18:42:09:374 Java8Practice1.java:26 main INFO Sorted by ID using comparable : 103 Harsha
03-03-2020 18:42:09:375 Java8Practice1.java:26 main INFO Sorted by ID using comparable : 102 Lucky
03-03-2020 18:42:09:376 Java8Practice1.java:26 main INFO Sorted by ID using comparable : 101 Harika
03-03-2020 18:42:09:376 Java8Practice1.java:30 main INFO Sorted by Name using comparator101Harika
03-03-2020 18:42:09:376 Java8Practice1.java:30 main INFO Sorted by Name using comparator103Harsha
03-03-2020 18:42:09:377 Java8Practice1.java:30 main INFO Sorted by Name using comparator102Lucky
03-03-2020 18:44:49:631 Java8Practice1.java:26 main INFO Sorted by ID using comparable : 103 Harsha
03-03-2020 18:44:49:633 Java8Practice1.java:26 main INFO Sorted by ID using comparable : 102 Lucky
03-03-2020 18:44:49:633 Java8Practice1.java:26 main INFO Sorted by ID using comparable : 101 Harika
03-03-2020 18:44:49:633 Java8Practice1.java:30 main INFO Sorted by Name using comparator101Harika
03-03-2020 18:44:49:634 Java8Practice1.java:30 main INFO Sorted by Name using comparator103Harsha
03-03-2020 18:44:49:634 Java8Practice1.java:30 main INFO Sorted by Name using comparator102Lucky
03-03-2020 18:45:14:232 Java8Practice1.java:26 main INFO Sorted by ID using comparable : 103 Harsha
03-03-2020 18:45:14:233 Java8Practice1.java:26 main INFO Sorted by ID using comparable : 102 Lucky
03-03-2020 18:45:14:234 Java8Practice1.java:26 main INFO Sorted by ID using comparable : 101 Harika
03-03-2020 18:45:14:234 Java8Practice1.java:30 main INFO Sorted by Name using comparator101Harika
03-03-2020 18:45:14:234 Java8Practice1.java:30 main INFO Sorted by Name using comparator103Harsha
03-03-2020 18:45:14:235 Java8Practice1.java:30 main INFO Sorted by Name using comparator102Lucky
03-03-2020 18:48:03:094 Java8Practice1.java:26 main INFO Sorted by ID using comparable : 103 Harsha
03-03-2020 18:48:03:096 Java8Practice1.java:26 main INFO Sorted by ID using comparable : 102 Lucky
03-03-2020 18:48:03:096 Java8Practice1.java:26 main INFO Sorted by ID using comparable : 101 Harika
03-03-2020 18:48:03:097 Java8Practice1.java:30 main INFO Sorted by Name using comparator101Harika
03-03-2020 18:48:03:097 Java8Practice1.java:30 main INFO Sorted by Name using comparator103Harsha
03-03-2020 18:48:03:097 Java8Practice1.java:30 main INFO Sorted by Name using comparator102Lucky
